<?xml version="1.0" encoding="UTF-8"?>
<!-- Generated by org.testng.reporters.JUnitReportReporter -->
<testsuite hostname="DESKTOP-840VI3P" failures="0" tests="1" name="com.Hotel.API.tests.View_user_list" time="0.201" errors="0" timestamp="11 Aug 2025 07:05:18 GMT" skipped="0">
  <testcase classname="com.Hotel.API.tests.View_user_list" name="viewUserList" time="0.201"/>
</testsuite> <!-- com.Hotel.API.tests.View_user_list -->
