<?xml version="1.0" encoding="UTF-8"?>
<!-- Generated by org.testng.reporters.JUnitReportReporter -->
<testsuite hostname="DESKTOP-840VI3P" failures="0" tests="1" name="com.Hotel.API.tests.Delete_user_by_id" time="0.178" errors="0" timestamp="11 Aug 2025 07:05:18 GMT" skipped="0">
  <testcase classname="com.Hotel.API.tests.Delete_user_by_id" name="deleteUserById_Positive" time="0.178"/>
</testsuite> <!-- com.Hotel.API.tests.Delete_user_by_id -->
