<?xml version="1.0" encoding="UTF-8"?>
<!-- Generated by org.testng.reporters.JUnitReportReporter -->
<testsuite hostname="DESKTOP-840VI3P" failures="0" tests="1" name="com.Hotel.API.tests.Delete_user_by_id" time="0.167" errors="0" timestamp="13 Aug 2025 05:32:51 GMT" skipped="0">
  <testcase classname="com.Hotel.API.tests.Delete_user_by_id" name="deleteUserById_Positive" time="0.167"/>
</testsuite> <!-- com.Hotel.API.tests.Delete_user_by_id -->
